>>>
valency: 2
model in: NIST_model35
model out: NIST_model37
kmax: 1
omax: 5
fmax: 127
train size: 60000
model cardinality: 4040
underlying level sys cardinality: 5894
underlying level size: 60000
>>> NIST_model37
<<< done NIST_model37
model cardinality: 663
train size: 7500
<<< done 5485.011s
	Command being timed: "python3 NIST_engine_cond.py 2 NIST_model35 1 5 127 NIST_model37"
	User time (seconds): 5497.60
	System time (seconds): 7.24
	Percent of CPU this job got: 99%
	Elapsed (wall clock) time (h:mm:ss or m:ss): 1:31:45
	Average shared text size (kbytes): 0
	Average unshared data size (kbytes): 0
	Average stack size (kbytes): 0
	Average total size (kbytes): 0
	Maximum resident set size (kbytes): 12462348
	Average resident set size (kbytes): 0
	Major (requiring I/O) page faults: 68
	Minor (reclaiming a frame) page faults: 1137387
	Voluntary context switches: 296
	Involuntary context switches: 85799
	Swaps: 0
	File system inputs: 12952
	File system outputs: 23336
	Socket messages sent: 0
	Socket messages received: 0
	Signals delivered: 0
	Page size (bytes): 4096
	Exit status: 0
