>>>
valency: 2
breadth: 15
seed: 17
ufmax: 31
locations: 1 3 5 7 9 11 13
model in: NIST_model21
model out: NIST_model43
kmax: 1
omax: 5
fmax: 127
region train size: 60000
region model cardinality: 4082
region sys cardinality: 1350
train size: 60000
underlying level cardinality: 7096
sys cardinality: 7529
underlying level size: 60000
>>> NIST_model43
<<< done NIST_model43
model cardinality: 868
train size: 7500
<<< done 7111.611s
	Command being timed: "python3 NIST_engine_cond_regions.py 2 15 17 31 1 3 5 7 9 11 13 NIST_model21 1 5 127 NIST_model43"
	User time (seconds): 7129.97
	System time (seconds): 9.03
	Percent of CPU this job got: 100%
	Elapsed (wall clock) time (h:mm:ss or m:ss): 1:58:58
	Average shared text size (kbytes): 0
	Average unshared data size (kbytes): 0
	Average stack size (kbytes): 0
	Average total size (kbytes): 0
	Maximum resident set size (kbytes): 15517992
	Average resident set size (kbytes): 0
	Major (requiring I/O) page faults: 1
	Minor (reclaiming a frame) page faults: 1546214
	Voluntary context switches: 68
	Involuntary context switches: 158633
	Swaps: 0
	File system inputs: 11976
	File system outputs: 20576
	Socket messages sent: 0
	Socket messages received: 0
	Signals delivered: 0
	Page size (bytes): 4096
	Exit status: 0
