>>>
valency: 2
model in: NIST_model35
model out: NIST_model39
kmax: 2
omax: 5
fmax: 127
train size: 60000
model cardinality: 4040
underlying level sys cardinality: 5894
underlying level size: 60000
>>> NIST_model39
<<< done NIST_model39
model cardinality: 872
train size: 7500
<<< done 10600.067s
	Command being timed: "python3 NIST_engine_cond.py 2 NIST_model35 2 5 127 NIST_model39"
	User time (seconds): 10614.20
	System time (seconds): 5.54
	Percent of CPU this job got: 99%
	Elapsed (wall clock) time (h:mm:ss or m:ss): 2:57:00
	Average shared text size (kbytes): 0
	Average unshared data size (kbytes): 0
	Average stack size (kbytes): 0
	Average total size (kbytes): 0
	Maximum resident set size (kbytes): 9281076
	Average resident set size (kbytes): 0
	Major (requiring I/O) page faults: 39
	Minor (reclaiming a frame) page faults: 1110006
	Voluntary context switches: 289
	Involuntary context switches: 219835
	Swaps: 0
	File system inputs: 2912
	File system outputs: 20216
	Socket messages sent: 0
	Socket messages received: 0
	Signals delivered: 0
	Page size (bytes): 4096
	Exit status: 0
